02/14/18 6:58:09: style.scss - parse error: failed at `width:100vw` /Applications/MAMP/htdocs/localmilackumaster180213/wp-content/themes/milackumaster180213/scss/_structure-legacy-fullwidth.scss on line 5
02/14/18 6:58:09: style.scss - parse error: failed at `width:100vw` /Applications/MAMP/htdocs/localmilackumaster180213/wp-content/themes/milackumaster180213/scss/_structure-legacy-fullwidth.scss on line 5
02/14/18 6:58:09: style.scss - parse error: failed at `width:100vw` /Applications/MAMP/htdocs/localmilackumaster180213/wp-content/themes/milackumaster180213/scss/_structure-legacy-fullwidth.scss on line 5
02/14/18 6:58:09: style.scss - parse error: failed at `width:100vw` /Applications/MAMP/htdocs/localmilackumaster180213/wp-content/themes/milackumaster180213/scss/_structure-legacy-fullwidth.scss on line 5
02/14/18 6:58:09: style.scss - parse error: failed at `width:100vw` /Applications/MAMP/htdocs/localmilackumaster180213/wp-content/themes/milackumaster180213/scss/_structure-legacy-fullwidth.scss on line 5
02/14/18 7:03:10: style.scss - parse error: failed at `width: 100%` /Applications/MAMP/htdocs/localmilackumaster180213/wp-content/themes/milackumaster180213/scss/_structure-legacy-fullwidth.scss on line 256
02/14/18 7:03:11: style.scss - parse error: failed at `width: 100%` /Applications/MAMP/htdocs/localmilackumaster180213/wp-content/themes/milackumaster180213/scss/_structure-legacy-fullwidth.scss on line 256
02/14/18 7:03:11: style.scss - parse error: failed at `width: 100%` /Applications/MAMP/htdocs/localmilackumaster180213/wp-content/themes/milackumaster180213/scss/_structure-legacy-fullwidth.scss on line 256
02/14/18 7:03:11: style.scss - parse error: failed at `width: 100%` /Applications/MAMP/htdocs/localmilackumaster180213/wp-content/themes/milackumaster180213/scss/_structure-legacy-fullwidth.scss on line 256
02/14/18 7:03:11: style.scss - parse error: failed at `width: 100%` /Applications/MAMP/htdocs/localmilackumaster180213/wp-content/themes/milackumaster180213/scss/_structure-legacy-fullwidth.scss on line 256
02/14/18 7:32:33: style.scss - parse error: failed at `line-height: 1` /Applications/MAMP/htdocs/localmilackumaster180213/wp-content/themes/milackumaster180213/scss/_reset.scss on line 11
02/14/18 7:32:34: style.scss - parse error: failed at `line-height: 1` /Applications/MAMP/htdocs/localmilackumaster180213/wp-content/themes/milackumaster180213/scss/_reset.scss on line 11
02/14/18 7:32:34: style.scss - parse error: failed at `line-height: 1` /Applications/MAMP/htdocs/localmilackumaster180213/wp-content/themes/milackumaster180213/scss/_reset.scss on line 11
02/14/18 7:32:34: style.scss - parse error: failed at `line-height: 1` /Applications/MAMP/htdocs/localmilackumaster180213/wp-content/themes/milackumaster180213/scss/_reset.scss on line 11
02/14/18 7:32:34: style.scss - parse error: failed at `line-height: 1` /Applications/MAMP/htdocs/localmilackumaster180213/wp-content/themes/milackumaster180213/scss/_reset.scss on line 11
02/27/18 7:09:34: style.scss - parse error: failed at `height: calc(100% + (100% + ($header_h));` /Applications/MAMP/htdocs/localmilackumaster180213/wp-content/themes/milackumaster180213/scss/_structure-classic-fullwidth.scss on line 22
02/27/18 7:09:35: style.scss - parse error: failed at `height: calc(100% + (100% + ($header_h));` /Applications/MAMP/htdocs/localmilackumaster180213/wp-content/themes/milackumaster180213/scss/_structure-classic-fullwidth.scss on line 22
02/27/18 7:09:35: style.scss - parse error: failed at `height: calc(100% + (100% + ($header_h));` /Applications/MAMP/htdocs/localmilackumaster180213/wp-content/themes/milackumaster180213/scss/_structure-classic-fullwidth.scss on line 22
02/27/18 7:09:35: style.scss - parse error: failed at `height: calc(100% + (100% + ($header_h));` /Applications/MAMP/htdocs/localmilackumaster180213/wp-content/themes/milackumaster180213/scss/_structure-classic-fullwidth.scss on line 22
02/27/18 7:09:37: style.scss - parse error: failed at `height: calc(100% + (100% + ($header_h));` /Applications/MAMP/htdocs/localmilackumaster180213/wp-content/themes/milackumaster180213/scss/_structure-classic-fullwidth.scss on line 22
02/27/18 7:09:38: style.scss - parse error: failed at `height: calc(100% + (100% + ($header_h));` /Applications/MAMP/htdocs/localmilackumaster180213/wp-content/themes/milackumaster180213/scss/_structure-classic-fullwidth.scss on line 22
02/27/18 7:09:38: style.scss - parse error: failed at `height: calc(100% + (100% + ($header_h));` /Applications/MAMP/htdocs/localmilackumaster180213/wp-content/themes/milackumaster180213/scss/_structure-classic-fullwidth.scss on line 22
02/27/18 7:09:38: style.scss - parse error: failed at `height: calc(100% + (100% + ($header_h));` /Applications/MAMP/htdocs/localmilackumaster180213/wp-content/themes/milackumaster180213/scss/_structure-classic-fullwidth.scss on line 22
03/01/18 12:46:10: style.scss - unclosed block: failed at `` /Applications/MAMP/htdocs/localmilackumaster180213/wp-content/themes/milackumaster180213/scss/_responsive.scss on line 33
03/01/18 12:46:11: style.scss - unclosed block: failed at `` /Applications/MAMP/htdocs/localmilackumaster180213/wp-content/themes/milackumaster180213/scss/_responsive.scss on line 33
03/01/18 12:46:11: style.scss - unclosed block: failed at `` /Applications/MAMP/htdocs/localmilackumaster180213/wp-content/themes/milackumaster180213/scss/_responsive.scss on line 33
03/01/18 12:46:11: style.scss - unclosed block: failed at `` /Applications/MAMP/htdocs/localmilackumaster180213/wp-content/themes/milackumaster180213/scss/_responsive.scss on line 33
03/01/18 12:46:56: style.scss - unclosed block: failed at `` /Applications/MAMP/htdocs/localmilackumaster180213/wp-content/themes/milackumaster180213/scss/_responsive.scss on line 33
03/01/18 12:46:56: style.scss - unclosed block: failed at `` /Applications/MAMP/htdocs/localmilackumaster180213/wp-content/themes/milackumaster180213/scss/_responsive.scss on line 33
03/01/18 12:46:56: style.scss - unclosed block: failed at `` /Applications/MAMP/htdocs/localmilackumaster180213/wp-content/themes/milackumaster180213/scss/_responsive.scss on line 33
03/01/18 12:46:56: style.scss - unclosed block: failed at `` /Applications/MAMP/htdocs/localmilackumaster180213/wp-content/themes/milackumaster180213/scss/_responsive.scss on line 33
03/01/18 12:48:55: style.scss - unclosed block: failed at `` /Applications/MAMP/htdocs/localmilackumaster180213/wp-content/themes/milackumaster180213/scss/_responsive.scss on line 33
03/01/18 12:48:56: style.scss - unclosed block: failed at `` /Applications/MAMP/htdocs/localmilackumaster180213/wp-content/themes/milackumaster180213/scss/_responsive.scss on line 33
03/01/18 12:48:56: style.scss - unclosed block: failed at `` /Applications/MAMP/htdocs/localmilackumaster180213/wp-content/themes/milackumaster180213/scss/_responsive.scss on line 33
03/01/18 12:48:56: style.scss - unclosed block: failed at `` /Applications/MAMP/htdocs/localmilackumaster180213/wp-content/themes/milackumaster180213/scss/_responsive.scss on line 33
03/01/18 12:48:58: style.scss - unclosed block: failed at `` /Applications/MAMP/htdocs/localmilackumaster180213/wp-content/themes/milackumaster180213/scss/_responsive.scss on line 33
03/01/18 12:48:59: style.scss - unclosed block: failed at `` /Applications/MAMP/htdocs/localmilackumaster180213/wp-content/themes/milackumaster180213/scss/_responsive.scss on line 33
03/01/18 12:48:59: style.scss - unclosed block: failed at `` /Applications/MAMP/htdocs/localmilackumaster180213/wp-content/themes/milackumaster180213/scss/_responsive.scss on line 33
03/01/18 12:48:59: style.scss - unclosed block: failed at `` /Applications/MAMP/htdocs/localmilackumaster180213/wp-content/themes/milackumaster180213/scss/_responsive.scss on line 33
03/01/18 12:49:40: style.scss - unclosed block: failed at `` /Applications/MAMP/htdocs/localmilackumaster180213/wp-content/themes/milackumaster180213/scss/_responsive.scss on line 33
03/01/18 12:49:41: style.scss - unclosed block: failed at `` /Applications/MAMP/htdocs/localmilackumaster180213/wp-content/themes/milackumaster180213/scss/_responsive.scss on line 33
03/01/18 12:49:41: style.scss - unclosed block: failed at `` /Applications/MAMP/htdocs/localmilackumaster180213/wp-content/themes/milackumaster180213/scss/_responsive.scss on line 33
03/01/18 12:49:41: style.scss - unclosed block: failed at `` /Applications/MAMP/htdocs/localmilackumaster180213/wp-content/themes/milackumaster180213/scss/_responsive.scss on line 33
03/01/18 12:49:42: style.scss - unclosed block: failed at `` /Applications/MAMP/htdocs/localmilackumaster180213/wp-content/themes/milackumaster180213/scss/_responsive.scss on line 33
03/01/18 12:49:43: style.scss - unclosed block: failed at `` /Applications/MAMP/htdocs/localmilackumaster180213/wp-content/themes/milackumaster180213/scss/_responsive.scss on line 33
03/01/18 12:49:43: style.scss - unclosed block: failed at `` /Applications/MAMP/htdocs/localmilackumaster180213/wp-content/themes/milackumaster180213/scss/_responsive.scss on line 33
03/01/18 12:49:43: style.scss - unclosed block: failed at `` /Applications/MAMP/htdocs/localmilackumaster180213/wp-content/themes/milackumaster180213/scss/_responsive.scss on line 33
03/01/18 12:50:46: style.scss - unclosed block: failed at `` /Applications/MAMP/htdocs/localmilackumaster180213/wp-content/themes/milackumaster180213/scss/_responsive.scss on line 33
03/01/18 12:50:47: style.scss - unclosed block: failed at `` /Applications/MAMP/htdocs/localmilackumaster180213/wp-content/themes/milackumaster180213/scss/_responsive.scss on line 33
03/01/18 12:50:47: style.scss - unclosed block: failed at `` /Applications/MAMP/htdocs/localmilackumaster180213/wp-content/themes/milackumaster180213/scss/_responsive.scss on line 33
03/01/18 12:50:47: style.scss - unclosed block: failed at `` /Applications/MAMP/htdocs/localmilackumaster180213/wp-content/themes/milackumaster180213/scss/_responsive.scss on line 33
03/01/18 12:50:48: style.scss - unclosed block: failed at `` /Applications/MAMP/htdocs/localmilackumaster180213/wp-content/themes/milackumaster180213/scss/_responsive.scss on line 33
03/01/18 12:50:49: style.scss - unclosed block: failed at `` /Applications/MAMP/htdocs/localmilackumaster180213/wp-content/themes/milackumaster180213/scss/_responsive.scss on line 33
03/01/18 12:50:49: style.scss - unclosed block: failed at `` /Applications/MAMP/htdocs/localmilackumaster180213/wp-content/themes/milackumaster180213/scss/_responsive.scss on line 33
03/01/18 12:50:49: style.scss - unclosed block: failed at `` /Applications/MAMP/htdocs/localmilackumaster180213/wp-content/themes/milackumaster180213/scss/_responsive.scss on line 33
03/01/18 12:51:28: style.scss - unclosed block: failed at `` /Applications/MAMP/htdocs/localmilackumaster180213/wp-content/themes/milackumaster180213/scss/_responsive.scss on line 33
03/01/18 12:51:29: style.scss - unclosed block: failed at `` /Applications/MAMP/htdocs/localmilackumaster180213/wp-content/themes/milackumaster180213/scss/_responsive.scss on line 33
03/01/18 12:51:29: style.scss - unclosed block: failed at `` /Applications/MAMP/htdocs/localmilackumaster180213/wp-content/themes/milackumaster180213/scss/_responsive.scss on line 33
03/01/18 12:51:29: style.scss - unclosed block: failed at `` /Applications/MAMP/htdocs/localmilackumaster180213/wp-content/themes/milackumaster180213/scss/_responsive.scss on line 33
03/01/18 12:51:30: style.scss - unclosed block: failed at `` /Applications/MAMP/htdocs/localmilackumaster180213/wp-content/themes/milackumaster180213/scss/_responsive.scss on line 33
03/01/18 12:51:31: style.scss - unclosed block: failed at `` /Applications/MAMP/htdocs/localmilackumaster180213/wp-content/themes/milackumaster180213/scss/_responsive.scss on line 33
03/01/18 12:51:31: style.scss - unclosed block: failed at `` /Applications/MAMP/htdocs/localmilackumaster180213/wp-content/themes/milackumaster180213/scss/_responsive.scss on line 33
03/01/18 12:51:31: style.scss - unclosed block: failed at `` /Applications/MAMP/htdocs/localmilackumaster180213/wp-content/themes/milackumaster180213/scss/_responsive.scss on line 33
03/01/18 12:51:48: style.scss - unclosed block: failed at `` /Applications/MAMP/htdocs/localmilackumaster180213/wp-content/themes/milackumaster180213/scss/_responsive.scss on line 33
03/01/18 12:51:49: style.scss - unclosed block: failed at `` /Applications/MAMP/htdocs/localmilackumaster180213/wp-content/themes/milackumaster180213/scss/_responsive.scss on line 33
03/01/18 12:51:49: style.scss - unclosed block: failed at `` /Applications/MAMP/htdocs/localmilackumaster180213/wp-content/themes/milackumaster180213/scss/_responsive.scss on line 33
03/01/18 12:51:49: style.scss - unclosed block: failed at `` /Applications/MAMP/htdocs/localmilackumaster180213/wp-content/themes/milackumaster180213/scss/_responsive.scss on line 33
03/01/18 12:51:50: style.scss - unclosed block: failed at `` /Applications/MAMP/htdocs/localmilackumaster180213/wp-content/themes/milackumaster180213/scss/_responsive.scss on line 33
03/01/18 12:51:51: style.scss - unclosed block: failed at `` /Applications/MAMP/htdocs/localmilackumaster180213/wp-content/themes/milackumaster180213/scss/_responsive.scss on line 33
03/01/18 12:51:51: style.scss - unclosed block: failed at `` /Applications/MAMP/htdocs/localmilackumaster180213/wp-content/themes/milackumaster180213/scss/_responsive.scss on line 33
03/01/18 12:51:51: style.scss - unclosed block: failed at `` /Applications/MAMP/htdocs/localmilackumaster180213/wp-content/themes/milackumaster180213/scss/_responsive.scss on line 33
03/01/18 12:52:03: style.scss - unclosed block: failed at `` /Applications/MAMP/htdocs/localmilackumaster180213/wp-content/themes/milackumaster180213/scss/_responsive.scss on line 33
03/01/18 12:52:04: style.scss - unclosed block: failed at `` /Applications/MAMP/htdocs/localmilackumaster180213/wp-content/themes/milackumaster180213/scss/_responsive.scss on line 33
03/01/18 12:52:04: style.scss - unclosed block: failed at `` /Applications/MAMP/htdocs/localmilackumaster180213/wp-content/themes/milackumaster180213/scss/_responsive.scss on line 33
03/01/18 12:52:04: style.scss - unclosed block: failed at `` /Applications/MAMP/htdocs/localmilackumaster180213/wp-content/themes/milackumaster180213/scss/_responsive.scss on line 33
03/01/18 12:52:24: style.scss - unclosed block: failed at `` /Applications/MAMP/htdocs/localmilackumaster180213/wp-content/themes/milackumaster180213/scss/_responsive.scss on line 33
03/01/18 12:52:25: style.scss - unclosed block: failed at `` /Applications/MAMP/htdocs/localmilackumaster180213/wp-content/themes/milackumaster180213/scss/_responsive.scss on line 33
03/01/18 12:52:25: style.scss - unclosed block: failed at `` /Applications/MAMP/htdocs/localmilackumaster180213/wp-content/themes/milackumaster180213/scss/_responsive.scss on line 33
03/01/18 12:52:25: style.scss - unclosed block: failed at `` /Applications/MAMP/htdocs/localmilackumaster180213/wp-content/themes/milackumaster180213/scss/_responsive.scss on line 33
03/01/18 12:52:26: style.scss - unclosed block: failed at `` /Applications/MAMP/htdocs/localmilackumaster180213/wp-content/themes/milackumaster180213/scss/_responsive.scss on line 33
03/01/18 12:52:27: style.scss - unclosed block: failed at `` /Applications/MAMP/htdocs/localmilackumaster180213/wp-content/themes/milackumaster180213/scss/_responsive.scss on line 33
03/01/18 12:52:27: style.scss - unclosed block: failed at `` /Applications/MAMP/htdocs/localmilackumaster180213/wp-content/themes/milackumaster180213/scss/_responsive.scss on line 33
03/01/18 12:52:27: style.scss - unclosed block: failed at `` /Applications/MAMP/htdocs/localmilackumaster180213/wp-content/themes/milackumaster180213/scss/_responsive.scss on line 33
03/01/18 12:52:29: style.scss - unclosed block: failed at `` /Applications/MAMP/htdocs/localmilackumaster180213/wp-content/themes/milackumaster180213/scss/_responsive.scss on line 33
03/01/18 12:52:29: style.scss - unclosed block: failed at `` /Applications/MAMP/htdocs/localmilackumaster180213/wp-content/themes/milackumaster180213/scss/_responsive.scss on line 33
03/01/18 12:52:29: style.scss - unclosed block: failed at `` /Applications/MAMP/htdocs/localmilackumaster180213/wp-content/themes/milackumaster180213/scss/_responsive.scss on line 33
03/01/18 12:52:29: style.scss - unclosed block: failed at `` /Applications/MAMP/htdocs/localmilackumaster180213/wp-content/themes/milackumaster180213/scss/_responsive.scss on line 33
04/15/18 1:16:02: style.scss - unclosed block: failed at `` /Applications/MAMP/htdocs/localmilackumaster180213/wp-content/themes/milackumaster180213/scss/_responsive.scss on line 28
04/15/18 1:16:02: style.scss - unclosed block: failed at `` /Applications/MAMP/htdocs/localmilackumaster180213/wp-content/themes/milackumaster180213/scss/_responsive.scss on line 28
04/15/18 1:16:02: style.scss - unclosed block: failed at `` /Applications/MAMP/htdocs/localmilackumaster180213/wp-content/themes/milackumaster180213/scss/_responsive.scss on line 28
04/15/18 1:16:02: style.scss - unclosed block: failed at `` /Applications/MAMP/htdocs/localmilackumaster180213/wp-content/themes/milackumaster180213/scss/_responsive.scss on line 28
04/15/18 1:16:04: style.scss - unclosed block: failed at `` /Applications/MAMP/htdocs/localmilackumaster180213/wp-content/themes/milackumaster180213/scss/_responsive.scss on line 28
04/15/18 1:16:05: style.scss - unclosed block: failed at `` /Applications/MAMP/htdocs/localmilackumaster180213/wp-content/themes/milackumaster180213/scss/_responsive.scss on line 28
04/15/18 1:16:05: style.scss - unclosed block: failed at `` /Applications/MAMP/htdocs/localmilackumaster180213/wp-content/themes/milackumaster180213/scss/_responsive.scss on line 28
04/15/18 1:16:05: style.scss - unclosed block: failed at `` /Applications/MAMP/htdocs/localmilackumaster180213/wp-content/themes/milackumaster180213/scss/_responsive.scss on line 28
04/15/18 1:16:32: style.scss - unclosed block: failed at `` /Applications/MAMP/htdocs/localmilackumaster180213/wp-content/themes/milackumaster180213/scss/_responsive.scss on line 28
04/15/18 1:16:33: style.scss - unclosed block: failed at `` /Applications/MAMP/htdocs/localmilackumaster180213/wp-content/themes/milackumaster180213/scss/_responsive.scss on line 28
04/15/18 1:16:33: style.scss - unclosed block: failed at `` /Applications/MAMP/htdocs/localmilackumaster180213/wp-content/themes/milackumaster180213/scss/_responsive.scss on line 28
04/15/18 1:16:34: style.scss - unclosed block: failed at `` /Applications/MAMP/htdocs/localmilackumaster180213/wp-content/themes/milackumaster180213/scss/_responsive.scss on line 28
04/15/18 1:16:41: style.scss - unclosed block: failed at `` /Applications/MAMP/htdocs/localmilackumaster180213/wp-content/themes/milackumaster180213/scss/_responsive.scss on line 28
04/15/18 1:16:41: style.scss - unclosed block: failed at `` /Applications/MAMP/htdocs/localmilackumaster180213/wp-content/themes/milackumaster180213/scss/_responsive.scss on line 28
04/15/18 1:16:41: style.scss - unclosed block: failed at `` /Applications/MAMP/htdocs/localmilackumaster180213/wp-content/themes/milackumaster180213/scss/_responsive.scss on line 28
04/15/18 1:16:42: style.scss - unclosed block: failed at `` /Applications/MAMP/htdocs/localmilackumaster180213/wp-content/themes/milackumaster180213/scss/_responsive.scss on line 28
02/14/19 8:24:12: style.scss - parse error: failed at `/* Safari/Chrome,` /home/ultramarino/alpha.carlostalaga.com/kristinberrycoaching/wp-content/themes/milackumaster180213/scss/_structure-legacy-fullwidth.scss on line 180
06/25/19 9:15:51: style.scss - unexpected }: failed at `@media only screen and (min-width: 1px) and (max-width: 960px) {` /home/webmedco/public_html/alpha/kristinberrycoaching/wp-content/themes/milackumaster180213/scss/_responsive.scss on line 82
06/25/19 9:15:53: style.scss - unexpected }: failed at `@media only screen and (min-width: 1px) and (max-width: 960px) {` /home/webmedco/public_html/alpha/kristinberrycoaching/wp-content/themes/milackumaster180213/scss/_responsive.scss on line 82
06/25/19 9:15:54: style.scss - unexpected }: failed at `@media only screen and (min-width: 1px) and (max-width: 960px) {` /home/webmedco/public_html/alpha/kristinberrycoaching/wp-content/themes/milackumaster180213/scss/_responsive.scss on line 82
06/25/19 9:16:47: style.scss - unexpected }: failed at `@media only screen and (min-width: 1px) and (max-width: 960px) {` /home/webmedco/public_html/alpha/kristinberrycoaching/wp-content/themes/milackumaster180213/scss/_responsive.scss on line 82
06/25/19 9:16:48: style.scss - unexpected }: failed at `@media only screen and (min-width: 1px) and (max-width: 960px) {` /home/webmedco/public_html/alpha/kristinberrycoaching/wp-content/themes/milackumaster180213/scss/_responsive.scss on line 82
06/25/19 9:16:49: style.scss - unexpected }: failed at `@media only screen and (min-width: 1px) and (max-width: 960px) {` /home/webmedco/public_html/alpha/kristinberrycoaching/wp-content/themes/milackumaster180213/scss/_responsive.scss on line 82
06/25/19 9:19:12: style.scss - unexpected }: failed at `@media only screen and (min-width: 1px) and (max-width: 960px) {` /home/webmedco/public_html/alpha/kristinberrycoaching/wp-content/themes/milackumaster180213/scss/_responsive.scss on line 82
06/25/19 9:19:13: style.scss - unexpected }: failed at `@media only screen and (min-width: 1px) and (max-width: 960px) {` /home/webmedco/public_html/alpha/kristinberrycoaching/wp-content/themes/milackumaster180213/scss/_responsive.scss on line 82
06/25/19 9:19:14: style.scss - unexpected }: failed at `@media only screen and (min-width: 1px) and (max-width: 960px) {` /home/webmedco/public_html/alpha/kristinberrycoaching/wp-content/themes/milackumaster180213/scss/_responsive.scss on line 82
06/25/19 9:20:58: style.scss - unexpected }: failed at `@media only screen and (min-width: 1px) and (max-width: 960px) {` /home/webmedco/public_html/alpha/kristinberrycoaching/wp-content/themes/milackumaster180213/scss/_responsive.scss on line 82
06/25/19 9:20:59: style.scss - unexpected }: failed at `@media only screen and (min-width: 1px) and (max-width: 960px) {` /home/webmedco/public_html/alpha/kristinberrycoaching/wp-content/themes/milackumaster180213/scss/_responsive.scss on line 82
06/25/19 9:21:00: style.scss - unexpected }: failed at `@media only screen and (min-width: 1px) and (max-width: 960px) {` /home/webmedco/public_html/alpha/kristinberrycoaching/wp-content/themes/milackumaster180213/scss/_responsive.scss on line 82
06/25/19 9:22:11: style.scss - unexpected }: failed at `@media only screen and (min-width: 1px) and (max-width: 960px) {` /home/webmedco/public_html/alpha/kristinberrycoaching/wp-content/themes/milackumaster180213/scss/_responsive.scss on line 82
06/25/19 9:22:12: style.scss - unexpected }: failed at `@media only screen and (min-width: 1px) and (max-width: 960px) {` /home/webmedco/public_html/alpha/kristinberrycoaching/wp-content/themes/milackumaster180213/scss/_responsive.scss on line 82
06/25/19 9:22:13: style.scss - unexpected }: failed at `@media only screen and (min-width: 1px) and (max-width: 960px) {` /home/webmedco/public_html/alpha/kristinberrycoaching/wp-content/themes/milackumaster180213/scss/_responsive.scss on line 82
06/25/19 9:22:37: style.scss - unexpected }: failed at `@media only screen and (min-width: 1px) and (max-width: 960px) {` /home/webmedco/public_html/alpha/kristinberrycoaching/wp-content/themes/milackumaster180213/scss/_responsive.scss on line 82
06/25/19 9:22:39: style.scss - unexpected }: failed at `@media only screen and (min-width: 1px) and (max-width: 960px) {` /home/webmedco/public_html/alpha/kristinberrycoaching/wp-content/themes/milackumaster180213/scss/_responsive.scss on line 82
06/25/19 9:22:39: style.scss - unexpected }: failed at `@media only screen and (min-width: 1px) and (max-width: 960px) {` /home/webmedco/public_html/alpha/kristinberrycoaching/wp-content/themes/milackumaster180213/scss/_responsive.scss on line 82
06/25/19 9:23:02: style.scss - unexpected }: failed at `@media only screen and (min-width: 1px) and (max-width: 960px) {` /home/webmedco/public_html/alpha/kristinberrycoaching/wp-content/themes/milackumaster180213/scss/_responsive.scss on line 82
06/25/19 9:23:03: style.scss - unexpected }: failed at `@media only screen and (min-width: 1px) and (max-width: 960px) {` /home/webmedco/public_html/alpha/kristinberrycoaching/wp-content/themes/milackumaster180213/scss/_responsive.scss on line 82
06/25/19 9:23:04: style.scss - unexpected }: failed at `@media only screen and (min-width: 1px) and (max-width: 960px) {` /home/webmedco/public_html/alpha/kristinberrycoaching/wp-content/themes/milackumaster180213/scss/_responsive.scss on line 82
06/25/19 9:23:21: style.scss - unexpected }: failed at `@media only screen and (min-width: 1px) and (max-width: 960px) {` /home/webmedco/public_html/alpha/kristinberrycoaching/wp-content/themes/milackumaster180213/scss/_responsive.scss on line 82
06/25/19 9:23:22: style.scss - unexpected }: failed at `@media only screen and (min-width: 1px) and (max-width: 960px) {` /home/webmedco/public_html/alpha/kristinberrycoaching/wp-content/themes/milackumaster180213/scss/_responsive.scss on line 82
06/25/19 9:23:23: style.scss - unexpected }: failed at `@media only screen and (min-width: 1px) and (max-width: 960px) {` /home/webmedco/public_html/alpha/kristinberrycoaching/wp-content/themes/milackumaster180213/scss/_responsive.scss on line 82
06/25/19 9:23:33: style.scss - unexpected }: failed at `@media only screen and (min-width: 1px) and (max-width: 960px) {` /home/webmedco/public_html/alpha/kristinberrycoaching/wp-content/themes/milackumaster180213/scss/_responsive.scss on line 82
06/25/19 9:23:34: style.scss - unexpected }: failed at `@media only screen and (min-width: 1px) and (max-width: 960px) {` /home/webmedco/public_html/alpha/kristinberrycoaching/wp-content/themes/milackumaster180213/scss/_responsive.scss on line 82
06/25/19 9:23:34: style.scss - unexpected }: failed at `@media only screen and (min-width: 1px) and (max-width: 960px) {` /home/webmedco/public_html/alpha/kristinberrycoaching/wp-content/themes/milackumaster180213/scss/_responsive.scss on line 82
06/25/19 9:24:02: style.scss - unexpected }: failed at `@media only screen and (min-width: 1px) and (max-width: 960px) {` /home/webmedco/public_html/alpha/kristinberrycoaching/wp-content/themes/milackumaster180213/scss/_responsive.scss on line 82
06/25/19 9:24:03: style.scss - unexpected }: failed at `@media only screen and (min-width: 1px) and (max-width: 960px) {` /home/webmedco/public_html/alpha/kristinberrycoaching/wp-content/themes/milackumaster180213/scss/_responsive.scss on line 82
06/25/19 9:24:04: style.scss - unexpected }: failed at `@media only screen and (min-width: 1px) and (max-width: 960px) {` /home/webmedco/public_html/alpha/kristinberrycoaching/wp-content/themes/milackumaster180213/scss/_responsive.scss on line 82
06/25/19 9:24:11: style.scss - unexpected }: failed at `@media only screen and (min-width: 1px) and (max-width: 960px) {` /home/webmedco/public_html/alpha/kristinberrycoaching/wp-content/themes/milackumaster180213/scss/_responsive.scss on line 82
06/25/19 9:24:12: style.scss - unexpected }: failed at `@media only screen and (min-width: 1px) and (max-width: 960px) {` /home/webmedco/public_html/alpha/kristinberrycoaching/wp-content/themes/milackumaster180213/scss/_responsive.scss on line 82
06/25/19 9:24:13: style.scss - unexpected }: failed at `@media only screen and (min-width: 1px) and (max-width: 960px) {` /home/webmedco/public_html/alpha/kristinberrycoaching/wp-content/themes/milackumaster180213/scss/_responsive.scss on line 82
06/25/19 9:24:32: style.scss - unexpected }: failed at `@media only screen and (min-width: 1px) and (max-width: 960px) {` /home/webmedco/public_html/alpha/kristinberrycoaching/wp-content/themes/milackumaster180213/scss/_responsive.scss on line 82
06/25/19 9:24:33: style.scss - unexpected }: failed at `@media only screen and (min-width: 1px) and (max-width: 960px) {` /home/webmedco/public_html/alpha/kristinberrycoaching/wp-content/themes/milackumaster180213/scss/_responsive.scss on line 82
06/25/19 9:24:34: style.scss - unexpected }: failed at `@media only screen and (min-width: 1px) and (max-width: 960px) {` /home/webmedco/public_html/alpha/kristinberrycoaching/wp-content/themes/milackumaster180213/scss/_responsive.scss on line 82
06/25/19 9:43:24: style.scss - unexpected }: failed at `@media only screen and (min-width: 1px) and (max-width: 960px) {` /home/webmedco/public_html/alpha/kristinberrycoaching/wp-content/themes/milackumaster180213/scss/_responsive.scss on line 81
06/25/19 9:43:25: style.scss - unexpected }: failed at `@media only screen and (min-width: 1px) and (max-width: 960px) {` /home/webmedco/public_html/alpha/kristinberrycoaching/wp-content/themes/milackumaster180213/scss/_responsive.scss on line 81
06/25/19 9:43:26: style.scss - unexpected }: failed at `@media only screen and (min-width: 1px) and (max-width: 960px) {` /home/webmedco/public_html/alpha/kristinberrycoaching/wp-content/themes/milackumaster180213/scss/_responsive.scss on line 81
06/25/19 9:46:25: style.scss - unexpected }: failed at `@media only screen and (min-width: 1px) and (max-width: 960px) {` /home/webmedco/public_html/alpha/kristinberrycoaching/wp-content/themes/milackumaster180213/scss/_responsive.scss on line 81
06/25/19 9:46:33: style.scss - unexpected }: failed at `@media only screen and (min-width: 1px) and (max-width: 960px) {` /home/webmedco/public_html/alpha/kristinberrycoaching/wp-content/themes/milackumaster180213/scss/_responsive.scss on line 81
06/25/19 9:46:36: style.scss - unexpected }: failed at `@media only screen and (min-width: 1px) and (max-width: 960px) {` /home/webmedco/public_html/alpha/kristinberrycoaching/wp-content/themes/milackumaster180213/scss/_responsive.scss on line 81
06/25/19 9:47:19: style.scss - unexpected }: failed at `@media only screen and (min-width: 1px) and (max-width: 960px) {` /home/webmedco/public_html/alpha/kristinberrycoaching/wp-content/themes/milackumaster180213/scss/_responsive.scss on line 81
06/25/19 9:47:22: style.scss - unexpected }: failed at `@media only screen and (min-width: 1px) and (max-width: 960px) {` /home/webmedco/public_html/alpha/kristinberrycoaching/wp-content/themes/milackumaster180213/scss/_responsive.scss on line 81
08/09/20 12:47:56: /home1/spanishintheair/public_html/wp-content/plugins/wp-scss/cache/ - File Permission Error, permission denied. Please make the cache directory writable.
08/09/20 12:47:56: /home1/spanishintheair/public_html/wp-content/plugins/wp-scss/cache/ - File Permission Error, permission denied. Please make the cache directory writable.
10/18/20 11:02:12: style.scss - parse error: failed at `color: ##127;` /home1/spanishintheair/public_html/wp-content/themes/broucku-2019v01-sita/scss/style.scss on line 80
12/22/20 12:01:42: /Users/cat/Documents/ogologo/spanishintheair/wp-content/plugins/wp-scss/cache/ - File Permission Error, permission denied. Please make the cache directory writable.
12/22/20 12:01:48: /Users/cat/Documents/ogologo/spanishintheair/wp-content/plugins/wp-scss/cache/ - File Permission Error, permission denied. Please make the cache directory writable.
12/22/20 12:01:56: /Users/cat/Documents/ogologo/spanishintheair/wp-content/plugins/wp-scss/cache/ - File Permission Error, permission denied. Please make the cache directory writable.
12/24/20 9:52:23: /Users/cat/Documents/ogologo/spanishintheair/wp-content/plugins/wp-scss/cache/ - File Permission Error, permission denied. Please make the cache directory writable.
12/24/20 9:52:27: /Users/cat/Documents/ogologo/spanishintheair/wp-content/plugins/wp-scss/cache/ - File Permission Error, permission denied. Please make the cache directory writable.
12/24/20 9:52:54: /Users/cat/Documents/ogologo/spanishintheair/wp-content/plugins/wp-scss/cache/ - File Permission Error, permission denied. Please make the cache directory writable.
